<?xml version="1.0" encoding="UTF-8"?>
<testng-results ignored="0" total="1" passed="1" failed="0" skipped="0">
  <reporter-output>
  </reporter-output>
  <suite started-at="2020-03-07T21:01:15 IST" name="Default suite" finished-at="2020-03-07T21:05:32 IST" duration-ms="257164">
    <groups>
    </groups>
    <test started-at="2020-03-07T21:01:15 IST" name="Default test" finished-at="2020-03-07T21:05:32 IST" duration-ms="257164">
      <class name="com.qa.tests.getAPITest">
        <test-method is-config="true" signature="Setup()[pri:0, instance:com.qa.tests.getAPITest@5552768b]" started-at="2020-03-07T21:01:15 IST" name="Setup" finished-at="2020-03-07T21:01:15 IST" duration-ms="4" status="PASS">
          <reporter-output>
          </reporter-output>
        </test-method> <!-- Setup -->
        <test-method signature="getTest()[pri:0, instance:com.qa.tests.getAPITest@5552768b]" started-at="2020-03-07T21:01:15 IST" name="getTest" finished-at="2020-03-07T21:05:32 IST" duration-ms="257127" status="PASS">
          <reporter-output>
          </reporter-output>
        </test-method> <!-- getTest -->
      </class> <!-- com.qa.tests.getAPITest -->
    </test> <!-- Default test -->
  </suite> <!-- Default suite -->
</testng-results>
