<?xml version="1.0" encoding="UTF-8"?>
<testng-results ignored="0" total="1" passed="1" failed="0" skipped="0">
  <reporter-output>
  </reporter-output>
  <suite started-at="2020-03-09T00:56:51 IST" name="Default suite" finished-at="2020-03-09T00:56:52 IST" duration-ms="1204">
    <groups>
    </groups>
    <test started-at="2020-03-09T00:56:51 IST" name="Default test" finished-at="2020-03-09T00:56:52 IST" duration-ms="1204">
      <class name="com.qa.tests.PostAPITest">
        <test-method is-config="true" signature="Setup()[pri:0, instance:com.qa.tests.PostAPITest@fd07cbb]" started-at="2020-03-09T00:56:51 IST" name="Setup" description="TEST" finished-at="2020-03-09T00:56:51 IST" duration-ms="4" status="PASS">
          <reporter-output>
          </reporter-output>
        </test-method> <!-- Setup -->
        <test-method signature="postAPITest()[pri:1, instance:com.qa.tests.PostAPITest@fd07cbb]" started-at="2020-03-09T00:56:51 IST" name="postAPITest" finished-at="2020-03-09T00:56:52 IST" duration-ms="1172" status="PASS">
          <reporter-output>
          </reporter-output>
        </test-method> <!-- postAPITest -->
      </class> <!-- com.qa.tests.PostAPITest -->
    </test> <!-- Default test -->
  </suite> <!-- Default suite -->
</testng-results>
